<?xml version="1.0" encoding="UTF-8"?>
<testng-results ignored="0" total="1" passed="1" failed="0" skipped="0">
  <reporter-output>
  </reporter-output>
  <suite started-at="2022-07-28T13:24:53Z" name="Suite" finished-at="2022-07-28T13:25:27Z" duration-ms="33790">
    <groups>
    </groups>
    <test started-at="2022-07-28T13:24:53Z" name="Test" finished-at="2022-07-28T13:25:27Z" duration-ms="33790">
      <class name="pom.POM_001">
        <test-method is-config="true" signature="startProcess(java.lang.String)[pri:0, instance:pom.POM_001@1cbb87f3]" started-at="2022-07-28T13:24:53Z" name="startProcess" finished-at="2022-07-28T13:25:12Z" duration-ms="18803" status="PASS">
          <params>
            <param index="0">
              <value>
                <![CDATA[chrome]]>
              </value>
            </param>
          </params>
          <reporter-output>
          </reporter-output>
        </test-method> <!-- startProcess -->
        <test-method signature="loginTest()[pri:0, instance:pom.POM_001@1cbb87f3]" started-at="2022-07-28T13:25:12Z" name="loginTest" finished-at="2022-07-28T13:25:27Z" duration-ms="14889" status="PASS">
          <reporter-output>
          </reporter-output>
        </test-method> <!-- loginTest -->
        <test-method is-config="true" signature="endProcess()[pri:0, instance:pom.POM_001@1cbb87f3]" started-at="2022-07-28T13:25:27Z" name="endProcess" finished-at="2022-07-28T13:25:27Z" duration-ms="0" status="PASS">
          <reporter-output>
          </reporter-output>
        </test-method> <!-- endProcess -->
      </class> <!-- pom.POM_001 -->
    </test> <!-- Test -->
  </suite> <!-- Suite -->
</testng-results>
