<?xml version="1.0" encoding="UTF-8"?>
<testng-results ignored="1" total="2" passed="1" failed="0" skipped="0">
  <reporter-output>
  </reporter-output>
  <suite started-at="2022-08-02T13:44:44Z" name="Suite" finished-at="2022-08-02T13:45:36Z" duration-ms="51733">
    <groups>
    </groups>
    <test started-at="2022-08-02T13:44:44Z" name="Test" finished-at="2022-08-02T13:45:36Z" duration-ms="51733">
      <class name="pom.POM_001">
        <test-method is-config="true" signature="startProcess(java.lang.String)[pri:0, instance:pom.POM_001@702b8b12]" started-at="2022-08-02T13:44:44Z" name="startProcess" finished-at="2022-08-02T13:45:07Z" duration-ms="22424" status="PASS">
          <params>
            <param index="0">
              <value>
                <![CDATA[chrome]]>
              </value>
            </param>
          </params>
          <reporter-output>
          </reporter-output>
        </test-method> <!-- startProcess -->
        <test-method signature="custReg()[pri:0, instance:pom.POM_001@702b8b12]" started-at="2022-08-02T13:45:07Z" name="custReg" finished-at="2022-08-02T13:45:36Z" duration-ms="29227" status="PASS">
          <reporter-output>
          </reporter-output>
        </test-method> <!-- custReg -->
        <test-method is-config="true" signature="endProcess()[pri:0, instance:pom.POM_001@702b8b12]" started-at="2022-08-02T13:45:36Z" name="endProcess" finished-at="2022-08-02T13:45:36Z" duration-ms="1" status="PASS">
          <reporter-output>
          </reporter-output>
        </test-method> <!-- endProcess -->
      </class> <!-- pom.POM_001 -->
    </test> <!-- Test -->
  </suite> <!-- Suite -->
</testng-results>
