<?xml version="1.0" encoding="UTF-8"?>
<!-- Generated by org.testng.reporters.JUnitXMLReporter -->
<testsuite ignored="4" hostname="DESKTOP-JCJ8HOK" failures="0" tests="2" name="Test" time="18.923" errors="0" timestamp="08 Aug 2022 13:49:30 GMT">
  <testcase classname="testcases.Session" name="doLogin" time="18.808"/>
  <testcase classname="testcases.PortifolioManagement" name="createProtifolio" time="0.004"/>
  <testcase classname="testbase.BaseTest" name="@BeforeTest beforeTest" time="0.0">
    <ignored/>
  </testcase> <!-- @BeforeTest beforeTest -->
  <testcase classname="testcases.Session" name="doLogout" time="0.0">
    <ignored/>
  </testcase> <!-- doLogout -->
  <testcase classname="testcases.PortifolioManagement" name="modifyProtifolio" time="0.0">
    <ignored/>
  </testcase> <!-- modifyProtifolio -->
  <testcase classname="testcases.PortifolioManagement" name="deleteProtifolio" time="0.0">
    <ignored/>
  </testcase> <!-- deleteProtifolio -->
</testsuite> <!-- Test -->
