<?xml version="1.0" encoding="UTF-8"?>
<!-- Generated by org.testng.reporters.JUnitXMLReporter -->
<testsuite ignored="2" hostname="DESKTOP-JCJ8HOK" failures="0" tests="7" name="Create New Booking Test - Pay@Hotel" time="0.265" errors="0" timestamp="21 Jul 2022 13:28:04 GMT">
  <testcase classname="testcases.Bookings" name="searchHotel" time="0.033"/>
  <testcase classname="testcases.Bookings" name="typeORoom" time="0.016"/>
  <testcase classname="testcases.Bookings" name="getInfo" time="0.006"/>
  <testcase classname="testcases.PaymentManager" name="applyDiscount" time="0.004"/>
  <testcase classname="testcases.PaymentManager" name="makePayment" time="0.01"/>
  <testcase classname="testcases.CustomerCommunication" name="checkEmailVerification" time="0.005"/>
  <testcase classname="testcases.CustomerCommunication" name="checkMobileVerification" time="0.006"/>
  <testcase classname="testcases.Bookings" name="loadBooking" time="0.0">
    <ignored/>
  </testcase> <!-- loadBooking -->
  <testcase classname="testcases.Bookings" name="cancelBooking" time="0.0">
    <ignored/>
  </testcase> <!-- cancelBooking -->
</testsuite> <!-- Create New Booking Test - Pay@Hotel -->
