<?xml version="1.0" encoding="UTF-8"?>
<!-- Generated by org.testng.reporters.JUnitXMLReporter -->
<testsuite ignored="2" hostname="DESKTOP-JCJ8HOK" failures="0" tests="7" name="Test" time="0.18" errors="0" timestamp="21 Jul 2022 13:08:39 GMT">
  <testcase classname="testcases.Bookings" name="searchHotel" time="0.023"/>
  <testcase classname="testcases.Bookings" name="typeORoom" time="0.003"/>
  <testcase classname="testcases.Bookings" name="getInfo" time="0.015"/>
  <testcase classname="testcases.PaymentManager" name="applyDiscount" time="0.005"/>
  <testcase classname="testcases.PaymentManager" name="makePayment" time="0.009"/>
  <testcase classname="testcases.CustomerCommunication" name="checkEmailVerification" time="0.004"/>
  <testcase classname="testcases.CustomerCommunication" name="checkMobileVerification" time="0.005"/>
  <testcase classname="testcases.Bookings" name="loadBooking" time="0.0">
    <ignored/>
  </testcase> <!-- loadBooking -->
  <testcase classname="testcases.Bookings" name="cancelBooking" time="0.0">
    <ignored/>
  </testcase> <!-- cancelBooking -->
</testsuite> <!-- Test -->
