<?xml version="1.0" encoding="UTF-8"?>
<!-- Generated by org.testng.reporters.JUnitXMLReporter -->
<testsuite ignored="0" hostname="DESKTOP-JCJ8HOK" failures="1" tests="1" name="Test" time="17.149" errors="0" timestamp="20 Jul 2022 13:20:29 GMT">
  <testcase classname="assertions.SoftAssertDemo" name="f" time="3.605">
    <failure type="java.lang.AssertionError" message="The following asserts failed:
	Both titles are not equal... expected [true] but found [false],
	err1 expected [true] but found [false],
	err2 expected [true] but found [false],
	err4 expected [true] but found [false]">
      <![CDATA[java.lang.AssertionError: The following asserts failed:
Both titles are not equal... expected [true] but found [false],
err1 expected [true] but found [false],
err2 expected [true] but found [false],
err4 expected [true] but found [false]
at assertions.SoftAssertDemo.f(SoftAssertDemo.java:57)
... Removed 26 stack frames]]>
    </failure>
  </testcase> <!-- f -->
</testsuite> <!-- Test -->
