<?xml version="1.0" encoding="UTF-8"?>
<!-- Generated by org.testng.reporters.JUnitXMLReporter -->
<testsuite ignored="0" hostname="DESKTOP-JCJ8HOK" failures="0" tests="2" name="Default test" time="2.213" errors="0" timestamp="27 Jul 2022 13:32:53 GMT">
  <testcase classname="excelDataDriven.DataManagementFinalReview" name="f" time="0.024"/>
  <testcase classname="excelDataDriven.DataManagementFinalReview" name="f" time="0.004">
    <skipped/>
  </testcase> <!-- f -->
</testsuite> <!-- Default test -->
