<?xml version="1.0" encoding="UTF-8"?>
<!-- Generated by org.testng.reporters.JUnitXMLReporter -->
<testsuite ignored="1" hostname="DESKTOP-JCJ8HOK" failures="0" tests="2" name="Default test" time="0.114" errors="0" timestamp="07 Jul 2022 13:25:37 GMT">
  <testcase classname="testng.TNG_002" name="f" time="0.016"/>
  <testcase classname="testng.TNG_002" name="a" time="0.004"/>
  <testcase classname="testng.TNG_002" name="z" time="0.0">
    <ignored/>
  </testcase> <!-- z -->
</testsuite> <!-- Default test -->
