<?xml version="1.0" encoding="UTF-8"?>
<testng-results ignored="5" total="7" passed="2" failed="0" skipped="0">
  <reporter-output>
  </reporter-output>
  <suite started-at="2022-08-04T13:14:03Z" name="Suite" finished-at="2022-08-04T13:14:03Z" duration-ms="113">
    <groups>
    </groups>
    <test started-at="2022-08-04T13:14:03Z" name="Test" finished-at="2022-08-04T13:14:03Z" duration-ms="113">
      <class name="testcases.PortifolioManagement">
        <test-method signature="createProtifolio()[pri:0, instance:testcases.PortifolioManagement@37f1104d]" started-at="2022-08-04T13:14:03Z" name="createProtifolio" finished-at="2022-08-04T13:14:03Z" duration-ms="8" status="PASS">
          <reporter-output>
          </reporter-output>
        </test-method> <!-- createProtifolio -->
      </class> <!-- testcases.PortifolioManagement -->
      <class name="testcases.Session">
        <test-method is-config="true" signature="beforeTest()[pri:0, instance:testcases.Session@7748410a]" started-at="2022-08-04T13:14:03Z" name="beforeTest" finished-at="2022-08-04T13:14:03Z" duration-ms="27" status="PASS">
          <reporter-output>
          </reporter-output>
        </test-method> <!-- beforeTest -->
        <test-method signature="doLogin()[pri:0, instance:testcases.Session@7748410a]" started-at="2022-08-04T13:14:03Z" name="doLogin" finished-at="2022-08-04T13:14:03Z" duration-ms="13" status="PASS">
          <reporter-output>
          </reporter-output>
        </test-method> <!-- doLogin -->
        <test-method is-config="true" signature="afterTest()[pri:0, instance:testcases.Session@7748410a]" started-at="2022-08-04T13:14:03Z" name="afterTest" finished-at="2022-08-04T13:14:03Z" duration-ms="3" status="PASS">
          <reporter-output>
          </reporter-output>
        </test-method> <!-- afterTest -->
      </class> <!-- testcases.Session -->
    </test> <!-- Test -->
  </suite> <!-- Suite -->
</testng-results>
