<?xml version="1.0" encoding="UTF-8"?>
<testng-results ignored="4" total="6" passed="2" failed="0" skipped="0">
  <reporter-output>
  </reporter-output>
  <suite started-at="2022-08-08T13:49:11Z" name="Suite" finished-at="2022-08-08T13:49:30Z" duration-ms="18923">
    <groups>
    </groups>
    <test started-at="2022-08-08T13:49:11Z" name="Test" finished-at="2022-08-08T13:49:30Z" duration-ms="18923">
      <class name="testcases.PortifolioManagement">
        <test-method is-config="true" signature="beforeMethod(org.testng.ITestContext)[pri:0, instance:testcases.PortifolioManagement@55740540]" started-at="2022-08-08T13:49:30Z" name="beforeMethod" finished-at="2022-08-08T13:49:30Z" duration-ms="1" status="PASS">
          <params>
            <param index="0">
              <value>
                <![CDATA[org.testng.TestRunner@3c5a54b7]]>
              </value>
            </param>
          </params>
          <reporter-output>
          </reporter-output>
        </test-method> <!-- beforeMethod -->
        <test-method signature="createProtifolio()[pri:0, instance:testcases.PortifolioManagement@55740540]" started-at="2022-08-08T13:49:30Z" name="createProtifolio" finished-at="2022-08-08T13:49:30Z" duration-ms="4" status="PASS">
          <reporter-output>
          </reporter-output>
        </test-method> <!-- createProtifolio -->
      </class> <!-- testcases.PortifolioManagement -->
      <class name="testcases.Session">
        <test-method is-config="true" signature="beforeTest(org.testng.ITestContext)[pri:0, instance:testcases.Session@740773a3]" started-at="2022-08-08T13:49:11Z" name="beforeTest" finished-at="2022-08-08T13:49:11Z" duration-ms="68" status="PASS">
          <params>
            <param index="0">
              <value>
                <![CDATA[org.testng.TestRunner@3c5a54b7]]>
              </value>
            </param>
          </params>
          <reporter-output>
          </reporter-output>
        </test-method> <!-- beforeTest -->
        <test-method signature="doLogin()[pri:0, instance:testcases.Session@740773a3]" started-at="2022-08-08T13:49:11Z" name="doLogin" finished-at="2022-08-08T13:49:30Z" duration-ms="18808" status="PASS">
          <reporter-output>
          </reporter-output>
        </test-method> <!-- doLogin -->
        <test-method is-config="true" signature="beforeMethod(org.testng.ITestContext)[pri:0, instance:testcases.Session@740773a3]" started-at="2022-08-08T13:49:11Z" name="beforeMethod" finished-at="2022-08-08T13:49:11Z" duration-ms="0" status="PASS">
          <params>
            <param index="0">
              <value>
                <![CDATA[org.testng.TestRunner@3c5a54b7]]>
              </value>
            </param>
          </params>
          <reporter-output>
          </reporter-output>
        </test-method> <!-- beforeMethod -->
      </class> <!-- testcases.Session -->
    </test> <!-- Test -->
  </suite> <!-- Suite -->
</testng-results>
